# JRE version: Java(TM) SE Runtime Environment (15.0.2+7) (build 15.0.2+7-27)
# Java VM: Java HotSpot(TM) 64-Bit Server VM (15.0.2+7-27, mixed mode, sharing, tiered, compressed oops, g1 gc, bsd-amd64)
GC Precious Log:
 CPUs: 4 total, 4 available
 Memory: 8192M
 Large Page Support: Disabled
 NUMA Support: Disabled
 Compressed Oops: Enabled (Zero based)
 Heap Region Size: 1M
 Heap Min Capacity: 256M
 Heap Initial Capacity: 256M
 Heap Max Capacity: 512M
 Pre-touch: Disabled
 Parallel Workers: 4
 Concurrent Workers: 1
 Concurrent Refinement Workers: 4
 Periodic GC: Disabled
Heap:
 garbage-first heap   total 362496K, used 244893K [0x00000007e0000000, 0x0000000800000000)
  region size 1024K, 69 young (70656K), 4 survivors (4096K)
 Metaspace       used 85168K, capacity 86553K, committed 87720K, reserved 331776K
  class space    used 10433K, capacity 10920K, committed 11000K, reserved 253952K
GC Heap History (20 events):
Event: 88.294 GC heap before
{Heap before GC invocations=85 (full 0):
 garbage-first heap   total 362496K, used 315400K [0x00000007e0000000, 0x0000000800000000)
  region size 1024K, 162 young (165888K), 8 survivors (8192K)
 Metaspace       used 81868K, capacity 83197K, committed 84520K, reserved 327680K
  class space    used 10233K, capacity 10652K, committed 10872K, reserved 253952K
}
Event: 88.306 GC heap after
{Heap after GC invocations=86 (full 0):
 garbage-first heap   total 362496K, used 157412K [0x00000007e0000000, 0x0000000800000000)
  region size 1024K, 8 young (8192K), 8 survivors (8192K)
 Metaspace       used 81868K, capacity 83197K, committed 84520K, reserved 327680K
  class space    used 10233K, capacity 10652K, committed 10872K, reserved 253952K
}
Event: 88.732 GC heap before
{Heap before GC invocations=86 (full 0):
 garbage-first heap   total 362496K, used 315108K [0x00000007e0000000, 0x0000000800000000)
  region size 1024K, 162 young (165888K), 8 survivors (8192K)
 Metaspace       used 81868K, capacity 83197K, committed 84520K, reserved 327680K
  class space    used 10233K, capacity 10652K, committed 10872K, reserved 253952K
}
Event: 88.743 GC heap after
{Heap after GC invocations=87 (full 0):
 garbage-first heap   total 362496K, used 157048K [0x00000007e0000000, 0x0000000800000000)
  region size 1024K, 8 young (8192K), 8 survivors (8192K)
 Metaspace       used 81868K, capacity 83197K, committed 84520K, reserved 327680K
  class space    used 10233K, capacity 10652K, committed 10872K, reserved 253952K
}
Event: 89.096 GC heap before
{Heap before GC invocations=87 (full 0):
 garbage-first heap   total 362496K, used 314744K [0x00000007e0000000, 0x0000000800000000)
  region size 1024K, 162 young (165888K), 8 survivors (8192K)
 Metaspace       used 81868K, capacity 83197K, committed 84520K, reserved 327680K
  class space    used 10233K, capacity 10652K, committed 10872K, reserved 253952K
}
Event: 89.106 GC heap after
{Heap after GC invocations=88 (full 0):
 garbage-first heap   total 362496K, used 157043K [0x00000007e0000000, 0x0000000800000000)
  region size 1024K, 8 young (8192K), 8 survivors (8192K)
 Metaspace       used 81868K, capacity 83197K, committed 84520K, reserved 327680K
  class space    used 10233K, capacity 10652K, committed 10872K, reserved 253952K
}
Event: 90.192 GC heap before
{Heap before GC invocations=88 (full 0):
 garbage-first heap   total 362496K, used 314739K [0x00000007e0000000, 0x0000000800000000)
  region size 1024K, 162 young (165888K), 8 survivors (8192K)
 Metaspace       used 81890K, capacity 83197K, committed 84520K, reserved 327680K
  class space    used 10233K, capacity 10652K, committed 10872K, reserved 253952K
}
Event: 90.203 GC heap after
{Heap after GC invocations=89 (full 0):
 garbage-first heap   total 362496K, used 157704K [0x00000007e0000000, 0x0000000800000000)
  region size 1024K, 8 young (8192K), 8 survivors (8192K)
 Metaspace       used 81890K, capacity 83197K, committed 84520K, reserved 327680K
  class space    used 10233K, capacity 10652K, committed 10872K, reserved 253952K
}
Event: 90.819 GC heap before
{Heap before GC invocations=89 (full 0):
 garbage-first heap   total 362496K, used 314376K [0x00000007e0000000, 0x0000000800000000)
  region size 1024K, 162 young (165888K), 8 survivors (8192K)
 Metaspace       used 81896K, capacity 83197K, committed 84520K, reserved 327680K
  class space    used 10233K, capacity 10652K, committed 10872K, reserved 253952K
}
Event: 90.831 GC heap after
{Heap after GC invocations=90 (full 0):
 garbage-first heap   total 362496K, used 159465K [0x00000007e0000000, 0x0000000800000000)
  region size 1024K, 10 young (10240K), 10 survivors (10240K)
 Metaspace       used 81896K, capacity 83197K, committed 84520K, reserved 327680K
  class space    used 10233K, capacity 10652K, committed 10872K, reserved 253952K
}
Event: 91.531 GC heap before
{Heap before GC invocations=90 (full 0):
 garbage-first heap   total 362496K, used 313065K [0x00000007e0000000, 0x0000000800000000)
  region size 1024K, 160 young (163840K), 10 survivors (10240K)
 Metaspace       used 81899K, capacity 83197K, committed 84520K, reserved 327680K
  class space    used 10233K, capacity 10652K, committed 10872K, reserved 253952K
}
Event: 91.542 GC heap after
{Heap after GC invocations=91 (full 0):
 garbage-first heap   total 362496K, used 157704K [0x00000007e0000000, 0x0000000800000000)
  region size 1024K, 8 young (8192K), 8 survivors (8192K)
 Metaspace       used 81899K, capacity 83197K, committed 84520K, reserved 327680K
  class space    used 10233K, capacity 10652K, committed 10872K, reserved 253952K
}
Event: 92.160 GC heap before
{Heap before GC invocations=91 (full 0):
 garbage-first heap   total 362496K, used 314376K [0x00000007e0000000, 0x0000000800000000)
  region size 1024K, 162 young (165888K), 8 survivors (8192K)
 Metaspace       used 81901K, capacity 83197K, committed 84520K, reserved 327680K
  class space    used 10233K, capacity 10652K, committed 10872K, reserved 253952K
}
Event: 92.173 GC heap after
{Heap after GC invocations=92 (full 0):
 garbage-first heap   total 362496K, used 159103K [0x00000007e0000000, 0x0000000800000000)
  region size 1024K, 10 young (10240K), 10 survivors (10240K)
 Metaspace       used 81901K, capacity 83197K, committed 84520K, reserved 327680K
  class space    used 10233K, capacity 10652K, committed 10872K, reserved 253952K
}
Event: 93.084 GC heap before
{Heap before GC invocations=92 (full 0):
 garbage-first heap   total 362496K, used 311679K [0x00000007e0000000, 0x0000000800000000)
  region size 1024K, 160 young (163840K), 10 survivors (10240K)
 Metaspace       used 81924K, capacity 83197K, committed 84520K, reserved 327680K
  class space    used 10233K, capacity 10652K, committed 10872K, reserved 253952K
}
Event: 93.101 GC heap after
{Heap after GC invocations=93 (full 0):
 garbage-first heap   total 362496K, used 157223K [0x00000007e0000000, 0x0000000800000000)
  region size 1024K, 3 young (3072K), 3 survivors (3072K)
 Metaspace       used 81924K, capacity 83197K, committed 84520K, reserved 327680K
  class space    used 10233K, capacity 10652K, committed 10872K, reserved 253952K
}
Event: 95.199 GC heap before
{Heap before GC invocations=93 (full 0):
 garbage-first heap   total 362496K, used 321063K [0x00000007e0000000, 0x0000000800000000)
  region size 1024K, 162 young (165888K), 3 survivors (3072K)
 Metaspace       used 82039K, capacity 83369K, committed 84520K, reserved 327680K
  class space    used 10247K, capacity 10688K, committed 10872K, reserved 253952K
}
Event: 95.233 GC heap after
{Heap after GC invocations=94 (full 0):
 garbage-first heap   total 362496K, used 185283K [0x00000007e0000000, 0x0000000800000000)
  region size 1024K, 21 young (21504K), 21 survivors (21504K)
 Metaspace       used 82039K, capacity 83369K, committed 84520K, reserved 327680K
  class space    used 10247K, capacity 10688K, committed 10872K, reserved 253952K
}
Event: 95.263 GC heap before
{Heap before GC invocations=94 (full 0):
 garbage-first heap   total 362496K, used 188355K [0x00000007e0000000, 0x0000000800000000)
  region size 1024K, 26 young (26624K), 21 survivors (21504K)
 Metaspace       used 82097K, capacity 83475K, committed 84520K, reserved 327680K
  class space    used 10254K, capacity 10722K, committed 10872K, reserved 253952K
}
Event: 95.270 GC heap after
{Heap after GC invocations=95 (full 0):
 garbage-first heap   total 362496K, used 172189K [0x00000007e0000000, 0x0000000800000000)
  region size 1024K, 4 young (4096K), 4 survivors (4096K)
 Metaspace       used 82097K, capacity 83475K, committed 84520K, reserved 327680K
  class space    used 10254K, capacity 10722K, committed 10872K, reserved 253952K
}

